<?xml version="1.0" encoding="UTF-8"?>
<testsuite xmlns:xsi="http://www.w3.org/2001/XMLSchema-instance" xsi:noNamespaceSchemaLocation="https://maven.apache.org/surefire/maven-surefire-plugin/xsd/surefire-test-report-3.0.xsd" version="3.0" name="com.goaltracker.controller.GoalControllerTest" time="0.626" tests="2" errors="0" skipped="0" failures="0">
  <properties>
[...]
</properties>
  <testcase name="createGoal_shouldRedirectOnSuccess" classname="com.goaltracker.controller.GoalControllerTest" time="0.16">
    <system-out><![CDATA[2025-09-03T16:11:30.746+05:30  INFO 11960 --- [           main] t.c.s.AnnotationConfigContextLoaderUtils : Could not detect default configuration classes for test class [com.goaltracker.controller.GoalControllerTest]: GoalControllerTest does not declare any static, non-private, non-final, nested classes annotated with @Configuration.
2025-09-03T16:11:30.777+05:30  INFO 11960 --- [           main] .b.t.c.SpringBootTestContextBootstrapper : Found @SpringBootConfiguration com.goaltracker.GoalTrackerApplication for test class com.goaltracker.controller.GoalControllerTest

  .   ____          _            __ _ _
 /\\ / ___'_ __ _ _(_)_ __  __ _ \ \ \ \
( ( )\___ | '_ | '_| | '_ \/ _` | \ \ \ \
 \\/  ___)| |_)| | | | | || (_| |  ) ) ) )
  '  |____| .__|_| |_|_| |_\__, | / / / /
 =========|_|==============|___/=/_/_/_/
 :: Spring Boot ::                (v3.2.0)

2025-09-03T16:11:30.841+05:30  INFO 11960 --- [           main] c.g.controller.GoalControllerTest        : Starting GoalControllerTest using Java 21.0.7 with PID 11960 (started by yoges in C:\Users\yoges\Desktop\gola track spring boot)
2025-09-03T16:11:30.841+05:30  INFO 11960 --- [           main] c.g.controller.GoalControllerTest        : No active profile set, falling back to 1 default profile: "default"
2025-09-03T16:11:31.183+05:30  INFO 11960 --- [           main] o.s.b.t.m.w.SpringBootMockServletContext : Initializing Spring TestDispatcherServlet ''
2025-09-03T16:11:31.183+05:30  INFO 11960 --- [           main] o.s.t.web.servlet.TestDispatcherServlet  : Initializing Servlet ''
2025-09-03T16:11:31.183+05:30  INFO 11960 --- [           main] o.s.t.web.servlet.TestDispatcherServlet  : Completed initialization in 0 ms
2025-09-03T16:11:31.183+05:30  INFO 11960 --- [           main] c.g.controller.GoalControllerTest        : Started GoalControllerTest in 0.406 seconds (process running for 5.649)
]]></system-out>
  </testcase>
  <testcase name="listGoals_shouldRenderView" classname="com.goaltracker.controller.GoalControllerTest" time="0.012"/>
</testsuite>